[debug] [2021-03-31T06:50:35.509Z] ----------------------------------------------------------------------
[debug] [2021-03-31T06:50:35.512Z] Command:       /usr/local/bin/node /usr/local/bin/firebase emulators:start
[debug] [2021-03-31T06:50:35.512Z] CLI Version:   9.8.0
[debug] [2021-03-31T06:50:35.512Z] Platform:      darwin
[debug] [2021-03-31T06:50:35.512Z] Node Version:  v12.13.1
[debug] [2021-03-31T06:50:35.526Z] Time:          Wed Mar 31 2021 14:50:35 GMT+0800 (Taipei Standard Time)
[debug] [2021-03-31T06:50:35.526Z] ----------------------------------------------------------------------
[debug] 
[debug] [2021-03-31T06:50:35.542Z] > command requires scopes: ["email","openid","https://www.googleapis.com/auth/cloudplatformprojects.readonly","https://www.googleapis.com/auth/firebase","https://www.googleapis.com/auth/cloud-platform"]
[debug] [2021-03-31T06:50:35.543Z] > authorizing via signed-in user
[info] i  emulators: Starting emulators: auth, firestore, hosting {"metadata":{"emulator":{"name":"hub"},"message":"Starting emulators: auth, firestore, hosting"}}
[debug] [2021-03-31T06:50:35.592Z] [hub] writing locator at /var/folders/k4/06b1zbcd5y70q0jzqpl2mnvm0000gq/T/hub-instagram-custom.json
[debug] [2021-03-31T06:50:35.628Z] Ignoring unsupported arg: projectId {"metadata":{"emulator":{"name":"firestore"},"message":"Ignoring unsupported arg: projectId"}}
[debug] [2021-03-31T06:50:35.628Z] Ignoring unsupported arg: auto_download {"metadata":{"emulator":{"name":"firestore"},"message":"Ignoring unsupported arg: auto_download"}}
[debug] [2021-03-31T06:50:35.628Z] Starting Firestore Emulator with command {"binary":"java","args":["-Dgoogle.cloud_firestore.debug_log_level=FINE","-Duser.language=en","-jar","/Users/arnold/.cache/firebase/emulators/cloud-firestore-emulator-v1.11.12.jar","--host","0.0.0.0","--port",8080,"--rules","/Users/arnold/Documents/projects/frontend/custom-instagram/firestore.rules"],"optionalArgs":["port","webchannel_port","host","rules","functions_emulator","seed_from_export"],"joinArgs":false} {"metadata":{"emulator":{"name":"firestore"},"message":"Starting Firestore Emulator with command {\"binary\":\"java\",\"args\":[\"-Dgoogle.cloud_firestore.debug_log_level=FINE\",\"-Duser.language=en\",\"-jar\",\"/Users/arnold/.cache/firebase/emulators/cloud-firestore-emulator-v1.11.12.jar\",\"--host\",\"0.0.0.0\",\"--port\",8080,\"--rules\",\"/Users/arnold/Documents/projects/frontend/custom-instagram/firestore.rules\"],\"optionalArgs\":[\"port\",\"webchannel_port\",\"host\",\"rules\",\"functions_emulator\",\"seed_from_export\"],\"joinArgs\":false}"}}
[info] i  firestore: Firestore Emulator logging to firestore-debug.log {"metadata":{"emulator":{"name":"firestore"},"message":"Firestore Emulator logging to \u001b[1mfirestore-debug.log\u001b[22m"}}
[debug] [2021-03-31T06:50:39.994Z] API endpoint: http:// {"metadata":{"emulator":{"name":"firestore"},"message":"API endpoint: http://"}}
[debug] [2021-03-31T06:50:39.995Z] 0.0.0.0:8080
If you are using a library that supports the FIRESTORE_EMULATOR_HOST environment variable, run:

   export FIRESTORE_EMULATOR_HOST=0.0.0.0 {"metadata":{"emulator":{"name":"firestore"},"message":"0.0.0.0:8080\nIf you are using a library that supports the FIRESTORE_EMULATOR_HOST environment variable, run:\n\n   export FIRESTORE_EMULATOR_HOST=0.0.0.0"}}
[debug] [2021-03-31T06:50:39.995Z] :8080

Dev App Server is now running.

 {"metadata":{"emulator":{"name":"firestore"},"message":":8080\n\nDev App Server is now running.\n\n"}}
[debug] [2021-03-31T06:50:46.109Z] > refreshing access token with scopes: []
[debug] [2021-03-31T06:50:46.109Z] >>> HTTP REQUEST POST https://www.googleapis.com/oauth2/v3/token  
 <request body omitted>
[debug] [2021-03-31T06:50:46.192Z] <<< HTTP RESPONSE 200 {"cache-control":"no-cache, no-store, max-age=0, must-revalidate","pragma":"no-cache","date":"Wed, 31 Mar 2021 06:50:46 GMT","expires":"Mon, 01 Jan 1990 00:00:00 GMT","content-type":"application/json; charset=utf-8","vary":"X-Origin, Referer, Origin,Accept-Encoding","server":"scaffolding on HTTPServer2","x-xss-protection":"0","x-frame-options":"SAMEORIGIN","x-content-type-options":"nosniff","alt-svc":"h3-29=\":443\"; ma=2592000,h3-T051=\":443\"; ma=2592000,h3-Q050=\":443\"; ma=2592000,h3-Q046=\":443\"; ma=2592000,h3-Q043=\":443\"; ma=2592000,quic=\":443\"; ma=2592000; v=\"46,43\"","accept-ranges":"none","transfer-encoding":"chunked"}
[debug] [2021-03-31T06:50:46.457Z] >>> [apiv2][query] GET https://firebase.googleapis.com/v1beta1/projects/instagram-custom/webApps/-/config [none]
[debug] [2021-03-31T06:50:47.694Z] <<< [apiv2][status] GET https://firebase.googleapis.com/v1beta1/projects/instagram-custom/webApps/-/config 200
[debug] [2021-03-31T06:50:47.694Z] <<< [apiv2][body] GET https://firebase.googleapis.com/v1beta1/projects/instagram-custom/webApps/-/config {"projectId":"instagram-custom","appId":"1:857723825224:web:3ee71cc2d6a4f89b653c7d","databaseURL":"https://instagram-custom.firebaseio.com","storageBucket":"instagram-custom.appspot.com","locationId":"asia-northeast1","apiKey":"AIzaSyBuXYL-Ho7Bjtx5FCMaDlAS04kv4CK842U","authDomain":"instagram-custom.firebaseapp.com","messagingSenderId":"857723825224","measurementId":"G-Q53M718HW3"}
[info] i  hosting: Serving hosting files from: public {"metadata":{"emulator":{"name":"hosting"},"message":"Serving hosting files from: \u001b[1mpublic\u001b[22m"}}
[info] ✔  hosting: Local server: http://0.0.0.0:5000 {"metadata":{"emulator":{"name":"hosting"},"message":"Local server: \u001b[4m\u001b[1mhttp://0.0.0.0:5000\u001b[22m\u001b[24m"}}
[debug] [2021-03-31T06:50:47.999Z] Ignoring unsupported arg: auto_download {"metadata":{"emulator":{"name":"ui"},"message":"Ignoring unsupported arg: auto_download"}}
[debug] [2021-03-31T06:50:48.000Z] Ignoring unsupported arg: port {"metadata":{"emulator":{"name":"ui"},"message":"Ignoring unsupported arg: port"}}
[debug] [2021-03-31T06:50:48.000Z] Starting Emulator UI with command {"binary":"node","args":["/Users/arnold/.cache/firebase/emulators/ui-v1.4.2/server.bundle.js"],"optionalArgs":[],"joinArgs":false} {"metadata":{"emulator":{"name":"ui"},"message":"Starting Emulator UI with command {\"binary\":\"node\",\"args\":[\"/Users/arnold/.cache/firebase/emulators/ui-v1.4.2/server.bundle.js\"],\"optionalArgs\":[],\"joinArgs\":false}"}}
[info] i  ui: Emulator UI logging to ui-debug.log {"metadata":{"emulator":{"name":"ui"},"message":"Emulator UI logging to \u001b[1mui-debug.log\u001b[22m"}}
[debug] [2021-03-31T06:50:48.342Z] Web / API server started at http://0.0.0.0:4000
 {"metadata":{"emulator":{"name":"ui"},"message":"Web / API server started at http://0.0.0.0:4000\n"}}
[info] 
┌─────────────────────────────────────────────────────────────┐
│ ✔  All emulators ready! It is now safe to connect your app. │
│ i  View Emulator UI at http://0.0.0.0:4000                  │
└─────────────────────────────────────────────────────────────┘

┌────────────────┬──────────────┬───────────────────────────────┐
│ Emulator       │ Host:Port    │ View in Emulator UI           │
├────────────────┼──────────────┼───────────────────────────────┤
│ Authentication │ 0.0.0.0:9099 │ http://0.0.0.0:4000/auth      │
├────────────────┼──────────────┼───────────────────────────────┤
│ Firestore      │ 0.0.0.0:8080 │ http://0.0.0.0:4000/firestore │
├────────────────┼──────────────┼───────────────────────────────┤
│ Hosting        │ 0.0.0.0:5000 │ n/a                           │
└────────────────┴──────────────┴───────────────────────────────┘
  Emulator Hub running at localhost:4400
  Other reserved ports: 4500

Issues? Report them at https://github.com/firebase/firebase-tools/issues and attach the *-debug.log files.
 
[debug] [2021-03-31T06:51:56.474Z] Mar 31, 2021 2:51:56 PM io.gapi.emulators.netty.HttpVersionRoutingHandler channelRead
INFO: Detected non-HTTP/2 connection.
 {"metadata":{"emulator":{"name":"firestore"},"message":"Mar 31, 2021 2:51:56 PM io.gapi.emulators.netty.HttpVersionRoutingHandler channelRead\nINFO: Detected non-HTTP/2 connection.\n"}}
[debug] [2021-03-31T06:51:56.688Z] Mar 31, 2021 2:51:56 PM io.gapi.emulators.netty.HttpVersionRoutingHandler channelRead
INFO: Detected non-HTTP/2 connection.
 {"metadata":{"emulator":{"name":"firestore"},"message":"Mar 31, 2021 2:51:56 PM io.gapi.emulators.netty.HttpVersionRoutingHandler channelRead\nINFO: Detected non-HTTP/2 connection.\n"}}
[debug] [2021-03-31T06:51:58.016Z] Mar 31, 2021 2:51:58 PM io.gapi.emulators.netty.HttpVersionRoutingHandler channelRead
INFO: Detected non-HTTP/2 connection.
 {"metadata":{"emulator":{"name":"firestore"},"message":"Mar 31, 2021 2:51:58 PM io.gapi.emulators.netty.HttpVersionRoutingHandler channelRead\nINFO: Detected non-HTTP/2 connection.\n"}}
[debug] [2021-03-31T06:51:58.017Z] Mar 31, 2021 2:51:58 PM io.gapi.emulators.netty.HttpVersionRoutingHandler channelRead
INFO: Detected non-HTTP/2 connection.
 {"metadata":{"emulator":{"name":"firestore"},"message":"Mar 31, 2021 2:51:58 PM io.gapi.emulators.netty.HttpVersionRoutingHandler channelRead\nINFO: Detected non-HTTP/2 connection.\n"}}
[debug] [2021-03-31T06:52:07.163Z] Mar 31, 2021 2:52:07 PM io.gapi.emulators.netty.HttpVersionRoutingHandler channelRead
INFO: Detected non-HTTP/2 connection.
 {"metadata":{"emulator":{"name":"firestore"},"message":"Mar 31, 2021 2:52:07 PM io.gapi.emulators.netty.HttpVersionRoutingHandler channelRead\nINFO: Detected non-HTTP/2 connection.\n"}}
[debug] [2021-03-31T06:52:07.188Z] Mar 31, 2021 2:52:07 PM com.google.cloud.datastore.emulator.firestore.webchannel.FirestoreV1WebChannelAdapter$FirestoreListenHandler onClose
INFO: channel closed
 {"metadata":{"emulator":{"name":"firestore"},"message":"Mar 31, 2021 2:52:07 PM com.google.cloud.datastore.emulator.firestore.webchannel.FirestoreV1WebChannelAdapter$FirestoreListenHandler onClose\nINFO: channel closed\n"}}
[debug] [2021-03-31T06:52:13.888Z] Mar 31, 2021 2:52:13 PM io.gapi.emulators.netty.HttpVersionRoutingHandler channelRead
INFO: Detected non-HTTP/2 connection.
 {"metadata":{"emulator":{"name":"firestore"},"message":"Mar 31, 2021 2:52:13 PM io.gapi.emulators.netty.HttpVersionRoutingHandler channelRead\nINFO: Detected non-HTTP/2 connection.\n"}}
[debug] [2021-03-31T06:52:13.929Z] Mar 31, 2021 2:52:13 PM io.gapi.emulators.netty.HttpVersionRoutingHandler channelRead
INFO: Detected non-HTTP/2 connection.
 {"metadata":{"emulator":{"name":"firestore"},"message":"Mar 31, 2021 2:52:13 PM io.gapi.emulators.netty.HttpVersionRoutingHandler channelRead\nINFO: Detected non-HTTP/2 connection.\n"}}
[debug] [2021-03-31T06:52:13.946Z] Mar 31, 2021 2:52:13 PM io.gapi.emulators.netty.HttpVersionRoutingHandler channelRead
INFO: Detected non-HTTP/2 connection.
 {"metadata":{"emulator":{"name":"firestore"},"message":"Mar 31, 2021 2:52:13 PM io.gapi.emulators.netty.HttpVersionRoutingHandler channelRead\nINFO: Detected non-HTTP/2 connection.\n"}}
[debug] [2021-03-31T06:52:26.705Z] Mar 31, 2021 2:52:26 PM io.gapi.emulators.netty.HttpVersionRoutingHandler channelRead
INFO: Detected non-HTTP/2 connection.
 {"metadata":{"emulator":{"name":"firestore"},"message":"Mar 31, 2021 2:52:26 PM io.gapi.emulators.netty.HttpVersionRoutingHandler channelRead\nINFO: Detected non-HTTP/2 connection.\n"}}
[debug] [2021-03-31T06:52:26.800Z] Mar 31, 2021 2:52:26 PM io.gapi.emulators.netty.HttpVersionRoutingHandler channelRead
INFO: Detected non-HTTP/2 connection.
 {"metadata":{"emulator":{"name":"firestore"},"message":"Mar 31, 2021 2:52:26 PM io.gapi.emulators.netty.HttpVersionRoutingHandler channelRead\nINFO: Detected non-HTTP/2 connection.\n"}}
[debug] [2021-03-31T06:52:26.860Z] Mar 31, 2021 2:52:26 PM io.gapi.emulators.netty.HttpVersionRoutingHandler channelRead
INFO: Detected non-HTTP/2 connection.
 {"metadata":{"emulator":{"name":"firestore"},"message":"Mar 31, 2021 2:52:26 PM io.gapi.emulators.netty.HttpVersionRoutingHandler channelRead\nINFO: Detected non-HTTP/2 connection.\n"}}
